Device Map:
{'lm_head': 0,
 'transformer.h.0': 0,
 'transformer.h.1': 0,
 'transformer.h.10': 'cpu',
 'transformer.h.11': 'cpu',
 'transformer.h.12': 'cpu',
 'transformer.h.13': 'cpu',
 'transformer.h.14': 'cpu',
 'transformer.h.15': 'cpu',
 'transformer.h.16': 'cpu',
 'transformer.h.17': 'cpu',
 'transformer.h.18': 'cpu',
 'transformer.h.19': 'cpu',
 'transformer.h.2': 0,
 'transformer.h.20': 'cpu',
 'transformer.h.21': 'cpu',
 'transformer.h.22': 'cpu',
 'transformer.h.23': 'cpu',
 'transformer.h.24': 'cpu',
 'transformer.h.25': 'cpu',
 'transformer.h.26': 'cpu',
 'transformer.h.27': 'cpu',
 'transformer.h.28': 'cpu',
 'transformer.h.29': 'cpu',
 'transformer.h.3': 1,
 'transformer.h.30': 'cpu',
 'transformer.h.31': 'cpu',
 'transformer.h.32': 'cpu',
 'transformer.h.33': 'cpu',
 'transformer.h.34': 'cpu',
 'transformer.h.35': 'cpu',
 'transformer.h.36': 'cpu',
 'transformer.h.37': 'cpu',
 'transformer.h.38': 'cpu',
 'transformer.h.39': 'cpu',
 'transformer.h.4': 1,
 'transformer.h.40': 'cpu',
 'transformer.h.41': 'cpu',
 'transformer.h.42': 'cpu',
 'transformer.h.43': 'cpu',
 'transformer.h.44': 'cpu',
 'transformer.h.45': 'cpu',
 'transformer.h.46': 'cpu',
 'transformer.h.47': 'cpu',
 'transformer.h.48': 'cpu',
 'transformer.h.49': 'cpu',
 'transformer.h.5': 1,
 'transformer.h.50': 'cpu',
 'transformer.h.51': 'cpu',
 'transformer.h.52': 'cpu',
 'transformer.h.53': 'cpu',
 'transformer.h.54': 'cpu',
 'transformer.h.55': 'cpu',
 'transformer.h.56': 'cpu',
 'transformer.h.57': 'cpu',
 'transformer.h.58': 'cpu',
 'transformer.h.59': 'cpu',
 'transformer.h.6': 1,
 'transformer.h.60': 'cpu',
 'transformer.h.61': 'cpu',
 'transformer.h.62': 'cpu',
 'transformer.h.63': 'cpu',
 'transformer.h.64': 'cpu',
 'transformer.h.65': 'cpu',
 'transformer.h.66': 'cpu',
 'transformer.h.67': 'cpu',
 'transformer.h.68': 'cpu',
 'transformer.h.69': 'cpu',
 'transformer.h.7': 1,
 'transformer.h.8': 1,
 'transformer.h.9': 'cpu',
 'transformer.ln_f': 'cpu',
 'transformer.word_embeddings': 0,
 'transformer.word_embeddings_layernorm': 0}
Prompt Size = torch.Size([1, 1024]), Elapsed Time = 25.01987910270691
Prompt Size = torch.Size([1, 1024]), Elapsed Time = 23.982836961746216
Prompt Size = torch.Size([1, 1024]), Elapsed Time = 26.92780876159668
Prompt Size = torch.Size([1, 1024]), Elapsed Time = 26.657984733581543
Prompt Size = torch.Size([1, 1024]), Elapsed Time = 21.870375633239746
Prompt Size = torch.Size([1, 1024]), Elapsed Time = 22.020150184631348
Prompt Size = torch.Size([1, 1024]), Elapsed Time = 21.97807216644287
Prompt Size = torch.Size([1, 1024]), Elapsed Time = 22.81633472442627
Prompt Size = torch.Size([1, 1024]), Elapsed Time = 22.96205496788025
Prompt Size = torch.Size([1, 1024]), Elapsed Time = 22.395994901657104
